Using pre-set license
Built from '2021.1/staging' branch; Version is '2021.1.28f1 (f3f9dc10f3dd) revision 15989212'; Using compiler version '192528614'; Build Type 'Release'
OS: 'Windows 10 Pro; OS build 19043.1348; Version 2009; 64bit' Language: 'tr' Physical Memory: 16346 MB
BatchMode: 1, IsHumanControllingUs: 0, StartBugReporterOnCrash: 0, Is64bit: 1, IsPro: 0

COMMAND LINE ARGUMENTS:
C:\Program Files\Unity\Hub\Editor\2021.1.28f1\Editor\Unity.exe
-adb2
-batchMode
-noUpm
-name
AssetImportWorker1
-projectPath
F:/Unity_Github_Backup/GitHubAppMasaustu/TangleKnotClimber
-logFile
Logs/AssetImportWorker1.log
-srvPort
54022
Successfully changed project path to: F:/Unity_Github_Backup/GitHubAppMasaustu/TangleKnotClimber
F:/Unity_Github_Backup/GitHubAppMasaustu/TangleKnotClimber
Using Asset Import Pipeline V2.
Refreshing native plugins compatible for Editor in 239.91 ms, found 4 plugins.
Preloading 0 native plugins for Editor in 0.00 ms.
Initialize engine version: 2021.1.28f1 (f3f9dc10f3dd)
[Subsystems] Discovering subsystems at path C:/Program Files/Unity/Hub/Editor/2021.1.28f1/Editor/Data/Resources/UnitySubsystems
[Subsystems] Discovering subsystems at path F:/Unity_Github_Backup/GitHubAppMasaustu/TangleKnotClimber/Assets
GfxDevice: creating device client; threaded=0; jobified=0
Direct3D:
    Version:  Direct3D 11.0 [level 11.0]
    Renderer: NVIDIA GeForce GTX 750 Ti (ID=0x1380)
    Vendor:   NVIDIA
    VRAM:     2007 MB
    Driver:   27.21.14.5671
Initialize mono
Mono path[0] = 'C:/Program Files/Unity/Hub/Editor/2021.1.28f1/Editor/Data/Managed'
Mono path[1] = 'C:/Program Files/Unity/Hub/Editor/2021.1.28f1/Editor/Data/MonoBleedingEdge/lib/mono/unityjit'
Mono config path = 'C:/Program Files/Unity/Hub/Editor/2021.1.28f1/Editor/Data/MonoBleedingEdge/etc'
Using monoOptions --debugger-agent=transport=dt_socket,embedding=1,server=y,suspend=n,address=127.0.0.1:56344
Begin MonoManager ReloadAssembly
Registering precompiled unity dll's ...
Register platform support module: C:/Program Files/Unity/Hub/Editor/2021.1.28f1/Editor/Data/PlaybackEngines/WindowsStandaloneSupport/UnityEditor.WindowsStandalone.Extensions.dll
Registered in 0.003345 seconds.
Native extension for WindowsStandalone target not found
Refreshing native plugins compatible for Editor in 234.76 ms, found 4 plugins.
Preloading 0 native plugins for Editor in 0.00 ms.
Mono: successfully reloaded assembly
- Completed reload, in  2.681 seconds
Domain Reload Profiling:
	ReloadAssembly (2682ms)
		BeginReloadAssembly (100ms)
			ExecutionOrderSort (0ms)
			DisableScriptedObjects (0ms)
			BackupInstance (0ms)
			ReleaseScriptingObjects (0ms)
			CreateAndSetChildDomain (1ms)
		EndReloadAssembly (797ms)
			LoadAssemblies (95ms)
			RebuildTransferFunctionScriptingTraits (0ms)
			SetupTypeCache (228ms)
			ReleaseScriptCaches (0ms)
			RebuildScriptCaches (38ms)
			SetupLoadedEditorAssemblies (462ms)
				LogAssemblyErrors (0ms)
				InitializePlatformSupportModulesInManaged (7ms)
				SetLoadedEditorAssemblies (0ms)
				RefreshPlugins (235ms)
				BeforeProcessingInitializeOnLoad (2ms)
				ProcessInitializeOnLoadAttributes (176ms)
				ProcessInitializeOnLoadMethodAttributes (42ms)
				AfterProcessingInitializeOnLoad (0ms)
				EditorAssembliesLoaded (0ms)
			ExecutionOrderSort2 (0ms)
			AwakeInstancesAfterBackupRestoration (0ms)
Platform modules already initialized, skipping
Registering precompiled user dll's ...
Registered in 0.015413 seconds.
Begin MonoManager ReloadAssembly
Symbol file LoadedFromMemory doesn't match image F:\Unity_Github_Backup\GitHubAppMasaustu\TangleKnotClimber\Library\PackageCache\com.unity.visualscripting@1.6.1\Editor\VisualScripting.Core\Dependencies\DotNetZip\Unity.VisualScripting.IonicZip.dll
Symbol file LoadedFromMemory doesn't match image F:\Unity_Github_Backup\GitHubAppMasaustu\TangleKnotClimber\Library\PackageCache\com.unity.visualscripting@1.6.1\Editor\VisualScripting.Core\Dependencies\YamlDotNet\Unity.VisualScripting.YamlDotNet.dll
Native extension for WindowsStandalone target not found
Refreshing native plugins compatible for Editor in 235.24 ms, found 4 plugins.
Preloading 0 native plugins for Editor in 0.00 ms.
Mono: successfully reloaded assembly
- Completed reload, in  8.899 seconds
Domain Reload Profiling:
	ReloadAssembly (8900ms)
		BeginReloadAssembly (214ms)
			ExecutionOrderSort (0ms)
			DisableScriptedObjects (8ms)
			BackupInstance (0ms)
			ReleaseScriptingObjects (0ms)
			CreateAndSetChildDomain (26ms)
		EndReloadAssembly (8607ms)
			LoadAssemblies (3375ms)
			RebuildTransferFunctionScriptingTraits (0ms)
			SetupTypeCache (1206ms)
			ReleaseScriptCaches (1ms)
			RebuildScriptCaches (91ms)
			SetupLoadedEditorAssemblies (2623ms)
				LogAssemblyErrors (0ms)
				InitializePlatformSupportModulesInManaged (4ms)
				SetLoadedEditorAssemblies (0ms)
				RefreshPlugins (235ms)
				BeforeProcessingInitializeOnLoad (129ms)
				ProcessInitializeOnLoadAttributes (1313ms)
				ProcessInitializeOnLoadMethodAttributes (933ms)
				AfterProcessingInitializeOnLoad (8ms)
				EditorAssembliesLoaded (0ms)
			ExecutionOrderSort2 (0ms)
			AwakeInstancesAfterBackupRestoration (13ms)
Platform modules already initialized, skipping
========================================================================
Worker process is ready to serve import requests
Launched and connected shader compiler UnityShaderCompiler.exe after 0.13 seconds
Refreshing native plugins compatible for Editor in 2.02 ms, found 4 plugins.
Preloading 0 native plugins for Editor in 0.00 ms.
Unloading 4973 Unused Serialized files (Serialized files now loaded: 0)
System memory in use before: 191.4 MB.
System memory in use after: 191.7 MB.

Unloading 71 unused Assets to reduce memory usage. Loaded Objects now: 5419.
Total: 7.100900 ms (FindLiveObjects: 1.020300 ms CreateObjectMapping: 0.605100 ms MarkObjects: 5.338600 ms  DeleteObjects: 0.135700 ms)

AssetImportParameters requested are different than current active one (requested -> active):
  custom:framework-win-MediaFoundation: 216162199b28c13a410421893ffa2e32 -> 
  custom:video-decoder-ogg-theora: a1e56fd34408186e4bbccfd4996cb3dc -> 
  custom:container-muxer-webm: aa71ff27fc2769a1b78a27578f13a17b -> 
  custom:container-demuxer-webm: 4f35f7cbe854078d1ac9338744f61a02 -> 
  custom:container-demuxer-ogg: 62fdf1f143b41e24485cea50d1cbac27 -> 
  custom:video-encoder-webm-vp8: eb34c28f22e8b96e1ab97ce403110664 -> 
  custom:video-codec-MediaFoundation-h265: 746d11721c4dcdbdad8f713fa42b33f4 -> 
  custom:video-decoder-webm-vp8: 9c59270c3fd7afecdb556c50c9e8de78 -> 
  custom:audio-decoder-ogg-vorbis: bf7c407c2cedff20999df2af8eb42d56 -> 
  custom:audio-encoder-webm-vorbis: bf7c407c2cedff20999df2af8eb42d56 -> 
========================================================================
Received Import Request.
  path: Assets/1-LEVELS/LEVEL-1.prefab
  artifactKey: Guid(89526c5b82c673d4891d3d2a36954651) Importer(815301076,1909f56bfc062723c751e8b465ee728b)
Start importing Assets/1-LEVELS/LEVEL-1.prefab using Guid(89526c5b82c673d4891d3d2a36954651) Importer(815301076,1909f56bfc062723c751e8b465ee728b)  -> (artifact id: '0b406e128c8c3ae6547a8a8f10869a0b') in 0.642656 seconds 
========================================================================
Received Import Request.
  Time since last request: 0.000300 seconds.
  path: Assets/1-LEVELS/LEVEL-3.prefab
  artifactKey: Guid(6499517c7d1a2184dbb5e0bd84041f87) Importer(815301076,1909f56bfc062723c751e8b465ee728b)
Start importing Assets/1-LEVELS/LEVEL-3.prefab using Guid(6499517c7d1a2184dbb5e0bd84041f87) Importer(815301076,1909f56bfc062723c751e8b465ee728b)  -> (artifact id: '866e15622e63f32120b670ed00b4232e') in 0.105605 seconds 
========================================================================
Received Import Request.
  Time since last request: 0.000192 seconds.
  path: Assets/1-LEVELS/LEVEL-2.prefab
  artifactKey: Guid(96536a1434b025a41992a79600393392) Importer(815301076,1909f56bfc062723c751e8b465ee728b)
Start importing Assets/1-LEVELS/LEVEL-2.prefab using Guid(96536a1434b025a41992a79600393392) Importer(815301076,1909f56bfc062723c751e8b465ee728b)  -> (artifact id: '11d0a26826918160b158fc9965047e68') in 0.089092 seconds 
========================================================================
Received Import Request.
  Time since last request: 0.712567 seconds.
  path: Assets/1-LEVELS/LEVEL-4.prefab
  artifactKey: Guid(2e6b4c8c0d7fa1a43b953fe2c334d362) Importer(815301076,1909f56bfc062723c751e8b465ee728b)
Start importing Assets/1-LEVELS/LEVEL-4.prefab using Guid(2e6b4c8c0d7fa1a43b953fe2c334d362) Importer(815301076,1909f56bfc062723c751e8b465ee728b)  -> (artifact id: 'ada1bd9f4f631aed3922d9cc8ceaf604') in 0.080711 seconds 
========================================================================
Received Import Request.
  Time since last request: 82.350778 seconds.
  path: Assets/1-LEVELS/LEVEL-5.prefab
  artifactKey: Guid(9b7793e872ce1cb488989d48d0b3ee50) Importer(815301076,1909f56bfc062723c751e8b465ee728b)
Start importing Assets/1-LEVELS/LEVEL-5.prefab using Guid(9b7793e872ce1cb488989d48d0b3ee50) Importer(815301076,1909f56bfc062723c751e8b465ee728b)  -> (artifact id: '8c41d37deb98f78a8d138f1309a86585') in 0.097055 seconds 
========================================================================
Received Import Request.
  Time since last request: 42.714622 seconds.
  path: Assets/1-LEVELS/LEVEL-6.prefab
  artifactKey: Guid(1fa9349e098fd5f4892dba6081f4b1f6) Importer(815301076,1909f56bfc062723c751e8b465ee728b)
Start importing Assets/1-LEVELS/LEVEL-6.prefab using Guid(1fa9349e098fd5f4892dba6081f4b1f6) Importer(815301076,1909f56bfc062723c751e8b465ee728b)  -> (artifact id: '8a2b620f861488dc1ea4a2f5a554d83e') in 0.287640 seconds 
========================================================================
Received Prepare
Registering precompiled user dll's ...
Registered in 0.012995 seconds.
Begin MonoManager ReloadAssembly
Symbol file LoadedFromMemory doesn't match image F:\Unity_Github_Backup\GitHubAppMasaustu\TangleKnotClimber\Library\PackageCache\com.unity.visualscripting@1.6.1\Editor\VisualScripting.Core\Dependencies\DotNetZip\Unity.VisualScripting.IonicZip.dll
Symbol file LoadedFromMemory doesn't match image F:\Unity_Github_Backup\GitHubAppMasaustu\TangleKnotClimber\Library\PackageCache\com.unity.visualscripting@1.6.1\Editor\VisualScripting.Core\Dependencies\YamlDotNet\Unity.VisualScripting.YamlDotNet.dll
Native extension for WindowsStandalone target not found
Refreshing native plugins compatible for Editor in 2.16 ms, found 4 plugins.
Preloading 0 native plugins for Editor in 0.00 ms.
Mono: successfully reloaded assembly
- Completed reload, in  3.308 seconds
Domain Reload Profiling:
	ReloadAssembly (3309ms)
		BeginReloadAssembly (164ms)
			ExecutionOrderSort (0ms)
			DisableScriptedObjects (5ms)
			BackupInstance (0ms)
			ReleaseScriptingObjects (0ms)
			CreateAndSetChildDomain (56ms)
		EndReloadAssembly (3062ms)
			LoadAssemblies (147ms)
			RebuildTransferFunctionScriptingTraits (0ms)
			SetupTypeCache (578ms)
			ReleaseScriptCaches (2ms)
			RebuildScriptCaches (54ms)
			SetupLoadedEditorAssemblies (2157ms)
				LogAssemblyErrors (0ms)
				InitializePlatformSupportModulesInManaged (6ms)
				SetLoadedEditorAssemblies (1ms)
				RefreshPlugins (2ms)
				BeforeProcessingInitializeOnLoad (91ms)
				ProcessInitializeOnLoadAttributes (2034ms)
				ProcessInitializeOnLoadMethodAttributes (13ms)
				AfterProcessingInitializeOnLoad (9ms)
				EditorAssembliesLoaded (0ms)
			ExecutionOrderSort2 (0ms)
			AwakeInstancesAfterBackupRestoration (10ms)
Platform modules already initialized, skipping
Refreshing native plugins compatible for Editor in 1.81 ms, found 4 plugins.
Preloading 0 native plugins for Editor in 0.00 ms.
Unloading 4899 Unused Serialized files (Serialized files now loaded: 0)
System memory in use before: 203.0 MB.
System memory in use after: 203.3 MB.

Unloading 67 unused Assets to reduce memory usage. Loaded Objects now: 5433.
Total: 6.336200 ms (FindLiveObjects: 0.380000 ms CreateObjectMapping: 0.324500 ms MarkObjects: 5.510700 ms  DeleteObjects: 0.119600 ms)

AssetImportParameters requested are different than current active one (requested -> active):
  custom:framework-win-MediaFoundation: 216162199b28c13a410421893ffa2e32 -> 
  custom:video-decoder-ogg-theora: a1e56fd34408186e4bbccfd4996cb3dc -> 
  custom:container-muxer-webm: aa71ff27fc2769a1b78a27578f13a17b -> 
  custom:container-demuxer-webm: 4f35f7cbe854078d1ac9338744f61a02 -> 
  custom:container-demuxer-ogg: 62fdf1f143b41e24485cea50d1cbac27 -> 
  custom:video-encoder-webm-vp8: eb34c28f22e8b96e1ab97ce403110664 -> 
  custom:video-codec-MediaFoundation-h265: 746d11721c4dcdbdad8f713fa42b33f4 -> 
  custom:video-decoder-webm-vp8: 9c59270c3fd7afecdb556c50c9e8de78 -> 
  custom:audio-decoder-ogg-vorbis: bf7c407c2cedff20999df2af8eb42d56 -> 
  custom:audio-encoder-webm-vorbis: bf7c407c2cedff20999df2af8eb42d56 -> 
========================================================================
Received Import Request.
  Time since last request: 85.532669 seconds.
  path: Assets/1-LEVELS/LEVEL-1.prefab
  artifactKey: Guid(89526c5b82c673d4891d3d2a36954651) Importer(815301076,1909f56bfc062723c751e8b465ee728b)
Start importing Assets/1-LEVELS/LEVEL-1.prefab using Guid(89526c5b82c673d4891d3d2a36954651) Importer(815301076,1909f56bfc062723c751e8b465ee728b)  -> (artifact id: 'fe1aca4f9d149afc87fc7cc34a4c8a10') in 0.162501 seconds 
========================================================================
Received Import Request.
  Time since last request: 10.059760 seconds.
  path: Assets/1-LEVELS/LEVEL-1.prefab
  artifactKey: Guid(89526c5b82c673d4891d3d2a36954651) Importer(815301076,1909f56bfc062723c751e8b465ee728b)
Start importing Assets/1-LEVELS/LEVEL-1.prefab using Guid(89526c5b82c673d4891d3d2a36954651) Importer(815301076,1909f56bfc062723c751e8b465ee728b)  -> (artifact id: '6a496fc0eb1995646bc5b08e0d4c592d') in 0.078163 seconds 
========================================================================
Received Import Request.
  Time since last request: 32.754489 seconds.
  path: Assets/1-LEVELS/LEVEL-2.prefab
  artifactKey: Guid(96536a1434b025a41992a79600393392) Importer(815301076,1909f56bfc062723c751e8b465ee728b)
Start importing Assets/1-LEVELS/LEVEL-2.prefab using Guid(96536a1434b025a41992a79600393392) Importer(815301076,1909f56bfc062723c751e8b465ee728b)  -> (artifact id: '049e215aa5651934d4891a2e3a84c99e') in 0.088883 seconds 
========================================================================
Received Import Request.
  Time since last request: 5.048298 seconds.
  path: Assets/1-LEVELS/LEVEL-2.prefab
  artifactKey: Guid(96536a1434b025a41992a79600393392) Importer(815301076,1909f56bfc062723c751e8b465ee728b)
Start importing Assets/1-LEVELS/LEVEL-2.prefab using Guid(96536a1434b025a41992a79600393392) Importer(815301076,1909f56bfc062723c751e8b465ee728b)  -> (artifact id: '02fb7a4748f2f9dc8213f9a8ff38cfa7') in 0.086948 seconds 
========================================================================
Received Import Request.
  Time since last request: 6.583595 seconds.
  path: Assets/1-LEVELS/LEVEL-2.prefab
  artifactKey: Guid(96536a1434b025a41992a79600393392) Importer(815301076,1909f56bfc062723c751e8b465ee728b)
Start importing Assets/1-LEVELS/LEVEL-2.prefab using Guid(96536a1434b025a41992a79600393392) Importer(815301076,1909f56bfc062723c751e8b465ee728b)  -> (artifact id: '31f410917908c106883d65038364f90e') in 0.076594 seconds 
========================================================================
Received Prepare
Registering precompiled user dll's ...
Registered in 0.014109 seconds.
Begin MonoManager ReloadAssembly
Symbol file LoadedFromMemory doesn't match image F:\Unity_Github_Backup\GitHubAppMasaustu\TangleKnotClimber\Library\PackageCache\com.unity.visualscripting@1.6.1\Editor\VisualScripting.Core\Dependencies\DotNetZip\Unity.VisualScripting.IonicZip.dll
Symbol file LoadedFromMemory doesn't match image F:\Unity_Github_Backup\GitHubAppMasaustu\TangleKnotClimber\Library\PackageCache\com.unity.visualscripting@1.6.1\Editor\VisualScripting.Core\Dependencies\YamlDotNet\Unity.VisualScripting.YamlDotNet.dll
Native extension for WindowsStandalone target not found
Refreshing native plugins compatible for Editor in 1.69 ms, found 4 plugins.
Preloading 0 native plugins for Editor in 0.00 ms.
Mono: successfully reloaded assembly
- Completed reload, in  2.914 seconds
Domain Reload Profiling:
	ReloadAssembly (2915ms)
		BeginReloadAssembly (185ms)
			ExecutionOrderSort (0ms)
			DisableScriptedObjects (5ms)
			BackupInstance (0ms)
			ReleaseScriptingObjects (0ms)
			CreateAndSetChildDomain (60ms)
		EndReloadAssembly (2649ms)
			LoadAssemblies (148ms)
			RebuildTransferFunctionScriptingTraits (0ms)
			SetupTypeCache (573ms)
			ReleaseScriptCaches (2ms)
			RebuildScriptCaches (49ms)
			SetupLoadedEditorAssemblies (1755ms)
				LogAssemblyErrors (0ms)
				InitializePlatformSupportModulesInManaged (5ms)
				SetLoadedEditorAssemblies (0ms)
				RefreshPlugins (2ms)
				BeforeProcessingInitializeOnLoad (80ms)
				ProcessInitializeOnLoadAttributes (1644ms)
				ProcessInitializeOnLoadMethodAttributes (11ms)
				AfterProcessingInitializeOnLoad (13ms)
				EditorAssembliesLoaded (0ms)
			ExecutionOrderSort2 (0ms)
			AwakeInstancesAfterBackupRestoration (12ms)
Platform modules already initialized, skipping
Refreshing native plugins compatible for Editor in 2.41 ms, found 4 plugins.
Preloading 0 native plugins for Editor in 0.00 ms.
Unloading 4899 Unused Serialized files (Serialized files now loaded: 0)
System memory in use before: 203.5 MB.
System memory in use after: 203.9 MB.

Unloading 67 unused Assets to reduce memory usage. Loaded Objects now: 5436.
Total: 7.033200 ms (FindLiveObjects: 0.403200 ms CreateObjectMapping: 0.368000 ms MarkObjects: 6.146200 ms  DeleteObjects: 0.114300 ms)

AssetImportParameters requested are different than current active one (requested -> active):
  custom:framework-win-MediaFoundation: 216162199b28c13a410421893ffa2e32 -> 
  custom:video-decoder-ogg-theora: a1e56fd34408186e4bbccfd4996cb3dc -> 
  custom:container-muxer-webm: aa71ff27fc2769a1b78a27578f13a17b -> 
  custom:container-demuxer-webm: 4f35f7cbe854078d1ac9338744f61a02 -> 
  custom:container-demuxer-ogg: 62fdf1f143b41e24485cea50d1cbac27 -> 
  custom:video-encoder-webm-vp8: eb34c28f22e8b96e1ab97ce403110664 -> 
  custom:video-codec-MediaFoundation-h265: 746d11721c4dcdbdad8f713fa42b33f4 -> 
  custom:video-decoder-webm-vp8: 9c59270c3fd7afecdb556c50c9e8de78 -> 
  custom:audio-decoder-ogg-vorbis: bf7c407c2cedff20999df2af8eb42d56 -> 
  custom:audio-encoder-webm-vorbis: bf7c407c2cedff20999df2af8eb42d56 -> 
========================================================================
Received Import Request.
  Time since last request: 24.945358 seconds.
  path: Assets/1-LEVELS/LEVEL-3.prefab
  artifactKey: Guid(6499517c7d1a2184dbb5e0bd84041f87) Importer(815301076,1909f56bfc062723c751e8b465ee728b)
Start importing Assets/1-LEVELS/LEVEL-3.prefab using Guid(6499517c7d1a2184dbb5e0bd84041f87) Importer(815301076,1909f56bfc062723c751e8b465ee728b)  -> (artifact id: '8be19311afc5e505403f8d6a93816f20') in 0.151803 seconds 
========================================================================
Received Import Request.
  Time since last request: 2.209976 seconds.
  path: Assets/1-LEVELS/LEVEL-3.prefab
  artifactKey: Guid(6499517c7d1a2184dbb5e0bd84041f87) Importer(815301076,1909f56bfc062723c751e8b465ee728b)
Start importing Assets/1-LEVELS/LEVEL-3.prefab using Guid(6499517c7d1a2184dbb5e0bd84041f87) Importer(815301076,1909f56bfc062723c751e8b465ee728b)  -> (artifact id: 'e41484711a0c2b6d806f1af59f88fb91') in 0.094246 seconds 
========================================================================
Received Import Request.
  Time since last request: 15.213122 seconds.
  path: Assets/1-LEVELS/LEVEL-4.prefab
  artifactKey: Guid(2e6b4c8c0d7fa1a43b953fe2c334d362) Importer(815301076,1909f56bfc062723c751e8b465ee728b)
Start importing Assets/1-LEVELS/LEVEL-4.prefab using Guid(2e6b4c8c0d7fa1a43b953fe2c334d362) Importer(815301076,1909f56bfc062723c751e8b465ee728b)  -> (artifact id: 'cebec331163d02b53ee41cb4bfa3da27') in 0.075444 seconds 
========================================================================
Received Import Request.
  Time since last request: 3.995640 seconds.
  path: Assets/1-LEVELS/LEVEL-4.prefab
  artifactKey: Guid(2e6b4c8c0d7fa1a43b953fe2c334d362) Importer(815301076,1909f56bfc062723c751e8b465ee728b)
Start importing Assets/1-LEVELS/LEVEL-4.prefab using Guid(2e6b4c8c0d7fa1a43b953fe2c334d362) Importer(815301076,1909f56bfc062723c751e8b465ee728b)  -> (artifact id: 'de96cac9e0bfb775b07b110227496a42') in 0.075154 seconds 
========================================================================
Received Import Request.
  Time since last request: 3.819830 seconds.
  path: Assets/1-LEVELS/LEVEL-4.prefab
  artifactKey: Guid(2e6b4c8c0d7fa1a43b953fe2c334d362) Importer(815301076,1909f56bfc062723c751e8b465ee728b)
Start importing Assets/1-LEVELS/LEVEL-4.prefab using Guid(2e6b4c8c0d7fa1a43b953fe2c334d362) Importer(815301076,1909f56bfc062723c751e8b465ee728b)  -> (artifact id: '5fc414209c93595593e3c4198c0b0ae8') in 0.077615 seconds 
========================================================================
Received Import Request.
  Time since last request: 32.716520 seconds.
  path: Assets/1-LEVELS/LEVEL-5.prefab
  artifactKey: Guid(9b7793e872ce1cb488989d48d0b3ee50) Importer(815301076,1909f56bfc062723c751e8b465ee728b)
Start importing Assets/1-LEVELS/LEVEL-5.prefab using Guid(9b7793e872ce1cb488989d48d0b3ee50) Importer(815301076,1909f56bfc062723c751e8b465ee728b)  -> (artifact id: '569501632793aef92f5360fcf2225991') in 0.085310 seconds 
========================================================================
Received Import Request.
  Time since last request: 2.070943 seconds.
  path: Assets/1-LEVELS/LEVEL-5.prefab
  artifactKey: Guid(9b7793e872ce1cb488989d48d0b3ee50) Importer(815301076,1909f56bfc062723c751e8b465ee728b)
Start importing Assets/1-LEVELS/LEVEL-5.prefab using Guid(9b7793e872ce1cb488989d48d0b3ee50) Importer(815301076,1909f56bfc062723c751e8b465ee728b)  -> (artifact id: '201a43ce7a7ff14d096e3dc6472ff270') in 0.082562 seconds 
========================================================================
Received Import Request.
  Time since last request: 4.765894 seconds.
  path: Assets/1-LEVELS/LEVEL-5.prefab
  artifactKey: Guid(9b7793e872ce1cb488989d48d0b3ee50) Importer(815301076,1909f56bfc062723c751e8b465ee728b)
Start importing Assets/1-LEVELS/LEVEL-5.prefab using Guid(9b7793e872ce1cb488989d48d0b3ee50) Importer(815301076,1909f56bfc062723c751e8b465ee728b)  -> (artifact id: '8a5bbd848351c2f1748c970d5fabc1e9') in 0.093206 seconds 
========================================================================
Received Import Request.
  Time since last request: 69.575668 seconds.
  path: Assets/1-LEVELS/LEVEL-6.prefab
  artifactKey: Guid(1fa9349e098fd5f4892dba6081f4b1f6) Importer(815301076,1909f56bfc062723c751e8b465ee728b)
Start importing Assets/1-LEVELS/LEVEL-6.prefab using Guid(1fa9349e098fd5f4892dba6081f4b1f6) Importer(815301076,1909f56bfc062723c751e8b465ee728b)  -> (artifact id: 'cafe301a54c592e337c908cf5668af68') in 0.096436 seconds 
========================================================================
Received Import Request.
  Time since last request: 8.729604 seconds.
  path: Assets/1-LEVELS/LEVEL-6.prefab
  artifactKey: Guid(1fa9349e098fd5f4892dba6081f4b1f6) Importer(815301076,1909f56bfc062723c751e8b465ee728b)
Start importing Assets/1-LEVELS/LEVEL-6.prefab using Guid(1fa9349e098fd5f4892dba6081f4b1f6) Importer(815301076,1909f56bfc062723c751e8b465ee728b)  -> (artifact id: '019a3cda9722e407d7b1be60027ce83c') in 0.100759 seconds 
========================================================================
Received Import Request.
  Time since last request: 2.378192 seconds.
  path: Assets/1-LEVELS/LEVEL-6.prefab
  artifactKey: Guid(1fa9349e098fd5f4892dba6081f4b1f6) Importer(815301076,1909f56bfc062723c751e8b465ee728b)
Start importing Assets/1-LEVELS/LEVEL-6.prefab using Guid(1fa9349e098fd5f4892dba6081f4b1f6) Importer(815301076,1909f56bfc062723c751e8b465ee728b)  -> (artifact id: 'f76e59297b45e2d903b39eddaaca7dfd') in 0.104621 seconds 
========================================================================
Received Prepare
Registering precompiled user dll's ...
Registered in 0.013178 seconds.
Begin MonoManager ReloadAssembly
Symbol file LoadedFromMemory doesn't match image F:\Unity_Github_Backup\GitHubAppMasaustu\TangleKnotClimber\Library\PackageCache\com.unity.visualscripting@1.6.1\Editor\VisualScripting.Core\Dependencies\DotNetZip\Unity.VisualScripting.IonicZip.dll
Symbol file LoadedFromMemory doesn't match image F:\Unity_Github_Backup\GitHubAppMasaustu\TangleKnotClimber\Library\PackageCache\com.unity.visualscripting@1.6.1\Editor\VisualScripting.Core\Dependencies\YamlDotNet\Unity.VisualScripting.YamlDotNet.dll
Native extension for WindowsStandalone target not found
Refreshing native plugins compatible for Editor in 1.97 ms, found 4 plugins.
Preloading 0 native plugins for Editor in 0.00 ms.
Mono: successfully reloaded assembly
- Completed reload, in  3.238 seconds
Domain Reload Profiling:
	ReloadAssembly (3239ms)
		BeginReloadAssembly (171ms)
			ExecutionOrderSort (0ms)
			DisableScriptedObjects (7ms)
			BackupInstance (0ms)
			ReleaseScriptingObjects (0ms)
			CreateAndSetChildDomain (60ms)
		EndReloadAssembly (2990ms)
			LoadAssemblies (160ms)
			RebuildTransferFunctionScriptingTraits (0ms)
			SetupTypeCache (515ms)
			ReleaseScriptCaches (2ms)
			RebuildScriptCaches (57ms)
			SetupLoadedEditorAssemblies (2146ms)
				LogAssemblyErrors (0ms)
				InitializePlatformSupportModulesInManaged (5ms)
				SetLoadedEditorAssemblies (0ms)
				RefreshPlugins (2ms)
				BeforeProcessingInitializeOnLoad (86ms)
				ProcessInitializeOnLoadAttributes (2033ms)
				ProcessInitializeOnLoadMethodAttributes (10ms)
				AfterProcessingInitializeOnLoad (10ms)
				EditorAssembliesLoaded (0ms)
			ExecutionOrderSort2 (0ms)
			AwakeInstancesAfterBackupRestoration (8ms)
Platform modules already initialized, skipping
Refreshing native plugins compatible for Editor in 1.87 ms, found 4 plugins.
Preloading 0 native plugins for Editor in 0.00 ms.
Unloading 4899 Unused Serialized files (Serialized files now loaded: 0)
System memory in use before: 204.4 MB.
System memory in use after: 204.8 MB.

Unloading 67 unused Assets to reduce memory usage. Loaded Objects now: 5439.
Total: 5.971600 ms (FindLiveObjects: 0.368200 ms CreateObjectMapping: 0.279900 ms MarkObjects: 5.170100 ms  DeleteObjects: 0.152100 ms)

AssetImportParameters requested are different than current active one (requested -> active):
  custom:framework-win-MediaFoundation: 216162199b28c13a410421893ffa2e32 -> 
  custom:video-decoder-ogg-theora: a1e56fd34408186e4bbccfd4996cb3dc -> 
  custom:container-muxer-webm: aa71ff27fc2769a1b78a27578f13a17b -> 
  custom:container-demuxer-webm: 4f35f7cbe854078d1ac9338744f61a02 -> 
  custom:container-demuxer-ogg: 62fdf1f143b41e24485cea50d1cbac27 -> 
  custom:video-encoder-webm-vp8: eb34c28f22e8b96e1ab97ce403110664 -> 
  custom:video-codec-MediaFoundation-h265: 746d11721c4dcdbdad8f713fa42b33f4 -> 
  custom:video-decoder-webm-vp8: 9c59270c3fd7afecdb556c50c9e8de78 -> 
  custom:audio-decoder-ogg-vorbis: bf7c407c2cedff20999df2af8eb42d56 -> 
  custom:audio-encoder-webm-vorbis: bf7c407c2cedff20999df2af8eb42d56 -> 
AssetImportWorkerClient::OnTransportError - code=2 error=End of file
